<?xml version="1.0" encoding="UTF-8"?>
<testng-results skipped="1" failed="1" ignored="0" total="13" passed="11">
  <reporter-output>
  </reporter-output>
  <suite name="Default suite" duration-ms="173" started-at="2018-10-30T17:07:47Z" finished-at="2018-10-30T17:07:47Z">
    <groups>
      <group name="1st">
        <method signature="TC1.gropusTes3()[pri:0, instance:testNG_Package.TC1@76b0bfab]" name="gropusTes3" class="testNG_Package.TC1"/>
        <method signature="TC1.gropusTest1()[pri:0, instance:testNG_Package.TC1@76b0bfab]" name="gropusTest1" class="testNG_Package.TC1"/>
        <method signature="TC1.gropusTest2()[pri:0, instance:testNG_Package.TC1@76b0bfab]" name="gropusTest2" class="testNG_Package.TC1"/>
        <method signature="TC1.gropusTest4()[pri:0, instance:testNG_Package.TC1@76b0bfab]" name="gropusTest4" class="testNG_Package.TC1"/>
      </group> <!-- 1st -->
      <group name="3rd">
        <method signature="TC1.gropusTest10()[pri:0, instance:testNG_Package.TC1@76b0bfab]" name="gropusTest10" class="testNG_Package.TC1"/>
        <method signature="TC1.gropusTest5()[pri:0, instance:testNG_Package.TC1@76b0bfab]" name="gropusTest5" class="testNG_Package.TC1"/>
        <method signature="TC1.gropusTest8()[pri:0, instance:testNG_Package.TC1@76b0bfab]" name="gropusTest8" class="testNG_Package.TC1"/>
        <method signature="TC1.gropusTest9()[pri:0, instance:testNG_Package.TC1@76b0bfab]" name="gropusTest9" class="testNG_Package.TC1"/>
      </group> <!-- 3rd -->
      <group name="2nd">
        <method signature="TC1.gropusTest5()[pri:0, instance:testNG_Package.TC1@76b0bfab]" name="gropusTest5" class="testNG_Package.TC1"/>
        <method signature="TC1.gropusTest6()[pri:0, instance:testNG_Package.TC1@76b0bfab]" name="gropusTest6" class="testNG_Package.TC1"/>
        <method signature="TC1.gropusTest7()[pri:0, instance:testNG_Package.TC1@76b0bfab]" name="gropusTest7" class="testNG_Package.TC1"/>
      </group> <!-- 2nd -->
    </groups>
    <test name="Default test" duration-ms="173" started-at="2018-10-30T17:07:47Z" finished-at="2018-10-30T17:07:47Z">
      <class name="testNG_Package.TC1">
        <test-method status="PASS" signature="gropusTes3()[pri:0, instance:testNG_Package.TC1@76b0bfab]" name="gropusTes3" duration-ms="14" started-at="2018-10-30T17:07:47Z" finished-at="2018-10-30T17:07:47Z">
          <reporter-output>
          </reporter-output>
        </test-method> <!-- gropusTes3 -->
        <test-method status="PASS" signature="gropusTest1()[pri:0, instance:testNG_Package.TC1@76b0bfab]" name="gropusTest1" duration-ms="10" started-at="2018-10-30T17:07:47Z" finished-at="2018-10-30T17:07:47Z">
          <reporter-output>
          </reporter-output>
        </test-method> <!-- gropusTest1 -->
        <test-method status="PASS" signature="gropusTest10()[pri:0, instance:testNG_Package.TC1@76b0bfab]" name="gropusTest10" duration-ms="2" started-at="2018-10-30T17:07:47Z" finished-at="2018-10-30T17:07:47Z">
          <reporter-output>
          </reporter-output>
        </test-method> <!-- gropusTest10 -->
        <test-method status="PASS" signature="gropusTest2()[pri:0, instance:testNG_Package.TC1@76b0bfab]" name="gropusTest2" duration-ms="5" started-at="2018-10-30T17:07:47Z" finished-at="2018-10-30T17:07:47Z">
          <reporter-output>
          </reporter-output>
        </test-method> <!-- gropusTest2 -->
        <test-method status="PASS" signature="gropusTest4()[pri:0, instance:testNG_Package.TC1@76b0bfab]" name="gropusTest4" duration-ms="1" started-at="2018-10-30T17:07:47Z" finished-at="2018-10-30T17:07:47Z">
          <reporter-output>
          </reporter-output>
        </test-method> <!-- gropusTest4 -->
        <test-method status="PASS" signature="gropusTest5()[pri:0, instance:testNG_Package.TC1@76b0bfab]" name="gropusTest5" duration-ms="2" started-at="2018-10-30T17:07:47Z" finished-at="2018-10-30T17:07:47Z">
          <reporter-output>
          </reporter-output>
        </test-method> <!-- gropusTest5 -->
        <test-method status="PASS" signature="gropusTest6()[pri:0, instance:testNG_Package.TC1@76b0bfab]" name="gropusTest6" duration-ms="4" started-at="2018-10-30T17:07:47Z" finished-at="2018-10-30T17:07:47Z">
          <reporter-output>
          </reporter-output>
        </test-method> <!-- gropusTest6 -->
        <test-method status="PASS" signature="gropusTest7()[pri:0, instance:testNG_Package.TC1@76b0bfab]" name="gropusTest7" duration-ms="1" started-at="2018-10-30T17:07:47Z" finished-at="2018-10-30T17:07:47Z">
          <reporter-output>
          </reporter-output>
        </test-method> <!-- gropusTest7 -->
        <test-method status="PASS" signature="gropusTest8()[pri:0, instance:testNG_Package.TC1@76b0bfab]" name="gropusTest8" duration-ms="6" started-at="2018-10-30T17:07:47Z" finished-at="2018-10-30T17:07:47Z">
          <reporter-output>
          </reporter-output>
        </test-method> <!-- gropusTest8 -->
        <test-method status="PASS" signature="gropusTest9()[pri:0, instance:testNG_Package.TC1@76b0bfab]" name="gropusTest9" duration-ms="2" started-at="2018-10-30T17:07:47Z" finished-at="2018-10-30T17:07:47Z">
          <reporter-output>
          </reporter-output>
        </test-method> <!-- gropusTest9 -->
        <test-method status="PASS" signature="C()[pri:1, instance:testNG_Package.TC1@76b0bfab]" name="C" duration-ms="2" started-at="2018-10-30T17:07:47Z" finished-at="2018-10-30T17:07:47Z">
          <reporter-output>
          </reporter-output>
        </test-method> <!-- C -->
        <test-method status="FAIL" signature="A()[pri:3, instance:testNG_Package.TC1@76b0bfab]" name="A" duration-ms="4" started-at="2018-10-30T17:07:47Z" finished-at="2018-10-30T17:07:47Z">
          <exception class="java.lang.AssertionError">
            <message>
              <![CDATA[expected [false] but found [true]]]>
            </message>
            <full-stacktrace>
              <![CDATA[java.lang.AssertionError: expected [false] but found [true]
at org.testng.Assert.fail(Assert.java:96)
at org.testng.Assert.failNotEquals(Assert.java:776)
at org.testng.Assert.assertEqualsImpl(Assert.java:137)
at org.testng.Assert.assertEquals(Assert.java:118)
at org.testng.Assert.assertEquals(Assert.java:568)
at org.testng.Assert.assertEquals(Assert.java:578)
at testNG_Package.TC1.A(TC1.java:22)
at sun.reflect.NativeMethodAccessorImpl.invoke0(Native Method)
at sun.reflect.NativeMethodAccessorImpl.invoke(NativeMethodAccessorImpl.java:62)
at sun.reflect.DelegatingMethodAccessorImpl.invoke(DelegatingMethodAccessorImpl.java:43)
at java.lang.reflect.Method.invoke(Method.java:498)
at org.testng.internal.MethodInvocationHelper.invokeMethod(MethodInvocationHelper.java:124)
at org.testng.internal.Invoker.invokeMethod(Invoker.java:580)
at org.testng.internal.Invoker.invokeTestMethod(Invoker.java:716)
at org.testng.internal.Invoker.invokeTestMethods(Invoker.java:988)
at org.testng.internal.TestMethodWorker.invokeTestMethods(TestMethodWorker.java:125)
at org.testng.internal.TestMethodWorker.run(TestMethodWorker.java:109)
at org.testng.TestRunner.privateRun(TestRunner.java:648)
at org.testng.TestRunner.run(TestRunner.java:505)
at org.testng.SuiteRunner.runTest(SuiteRunner.java:455)
at org.testng.SuiteRunner.runSequentially(SuiteRunner.java:450)
at org.testng.SuiteRunner.privateRun(SuiteRunner.java:415)
at org.testng.SuiteRunner.run(SuiteRunner.java:364)
at org.testng.SuiteRunnerWorker.runSuite(SuiteRunnerWorker.java:52)
at org.testng.SuiteRunnerWorker.run(SuiteRunnerWorker.java:84)
at org.testng.TestNG.runSuitesSequentially(TestNG.java:1208)
at org.testng.TestNG.runSuitesLocally(TestNG.java:1137)
at org.testng.TestNG.runSuites(TestNG.java:1049)
at org.testng.TestNG.run(TestNG.java:1017)
at org.testng.remote.AbstractRemoteTestNG.run(AbstractRemoteTestNG.java:114)
at org.testng.remote.RemoteTestNG.initAndRun(RemoteTestNG.java:251)
at org.testng.remote.RemoteTestNG.main(RemoteTestNG.java:77)
]]>
            </full-stacktrace>
          </exception> <!-- java.lang.AssertionError -->
          <reporter-output>
          </reporter-output>
        </test-method> <!-- A -->
        <test-method status="SKIP" signature="B()[pri:2, instance:testNG_Package.TC1@76b0bfab]" name="B" duration-ms="0" started-at="2018-10-30T17:07:47Z" depends-on-methods="testNG_Package.TC1.A" finished-at="2018-10-30T17:07:47Z">
          <exception class="java.lang.Throwable">
            <message>
              <![CDATA[Method TC1.B()[pri:2, instance:testNG_Package.TC1@76b0bfab] depends on not successfully finished methods]]>
            </message>
            <full-stacktrace>
              <![CDATA[java.lang.Throwable: Method TC1.B()[pri:2, instance:testNG_Package.TC1@76b0bfab] depends on not successfully finished methods
at org.testng.internal.Invoker.invokeTestMethods(Invoker.java:887)
at org.testng.internal.TestMethodWorker.invokeTestMethods(TestMethodWorker.java:125)
at org.testng.internal.TestMethodWorker.run(TestMethodWorker.java:109)
at org.testng.TestRunner.privateRun(TestRunner.java:648)
at org.testng.TestRunner.run(TestRunner.java:505)
at org.testng.SuiteRunner.runTest(SuiteRunner.java:455)
at org.testng.SuiteRunner.runSequentially(SuiteRunner.java:450)
at org.testng.SuiteRunner.privateRun(SuiteRunner.java:415)
at org.testng.SuiteRunner.run(SuiteRunner.java:364)
at org.testng.SuiteRunnerWorker.runSuite(SuiteRunnerWorker.java:52)
at org.testng.SuiteRunnerWorker.run(SuiteRunnerWorker.java:84)
at org.testng.TestNG.runSuitesSequentially(TestNG.java:1208)
at org.testng.TestNG.runSuitesLocally(TestNG.java:1137)
at org.testng.TestNG.runSuites(TestNG.java:1049)
at org.testng.TestNG.run(TestNG.java:1017)
at org.testng.remote.AbstractRemoteTestNG.run(AbstractRemoteTestNG.java:114)
at org.testng.remote.RemoteTestNG.initAndRun(RemoteTestNG.java:251)
at org.testng.remote.RemoteTestNG.main(RemoteTestNG.java:77)
]]>
            </full-stacktrace>
          </exception> <!-- java.lang.Throwable -->
          <reporter-output>
          </reporter-output>
        </test-method> <!-- B -->
      </class> <!-- testNG_Package.TC1 -->
    </test> <!-- Default test -->
  </suite> <!-- Default suite -->
</testng-results>
